<?xml version="1.0" encoding="utf-8"?><testsuites name="pytest tests"><testsuite name="pytest" errors="0" failures="0" skipped="0" tests="11" time="19.466" timestamp="2026-05-01T06:06:31.206915+00:00" hostname="agent-env-43cc20f4-66bb-431b-941c-fd8cff4e16a7"><testcase classname="backend.tests.test_admin_bulk" name="test_admin_login_works" time="14.599" /><testcase classname="backend.tests.test_admin_bulk" name="test_admin_me" time="0.158" /><testcase classname="backend.tests.test_admin_bulk" name="test_bulk_non_admin_forbidden[/admin/bulk/reject-pending]" time="0.335" /><testcase classname="backend.tests.test_admin_bulk" name="test_bulk_non_admin_forbidden[/admin/bulk/revoke-approved]" time="0.182" /><testcase classname="backend.tests.test_admin_bulk" name="test_bulk_non_admin_forbidden[/admin/bulk/leaderboard-hide-all]" time="0.129" /><testcase classname="backend.tests.test_admin_bulk" name="test_bulk_non_admin_forbidden[/admin/bulk/leaderboard-show-all]" time="0.129" /><testcase classname="backend.tests.test_admin_bulk" name="test_bulk_leaderboard_hide_all" time="0.286" /><testcase classname="backend.tests.test_admin_bulk" name="test_bulk_leaderboard_show_all" time="0.289" /><testcase classname="backend.tests.test_admin_bulk" name="test_bulk_revoke_approved" time="2.053" /><testcase classname="backend.tests.test_admin_bulk" name="test_bulk_reject_pending" time="0.736" /><testcase classname="backend.tests.test_admin_bulk" name="test_zz_restore_demo_user" time="0.486" /></testsuite></testsuites>